GeoSys-OUT: Output ------------------------------------------------
#OUTPUT
 $NOD_VALUES
  PRESSURE1
  ANALYTICAL_APPERTURE
  VELOCITY_X1
  VELOCITY_Y1
 $GEO_TYPE
  DOMAIN 
 $TIM_TYPE
  STEPS 1

#OUTPUT
 $PCS_TYPE
  LIQUID_FLOW
 $ELE_VALUES
  VELOCITY_X1
  VELOCITY_Y1
 $GEO_TYPE
  POLYLINE L4
 $TIM_TYPE
  STEPS 1

#OUTPUT
 $PCS_TYPE
  LIQUID_FLOW
 $NOD_VALUES
  PRESSURE1
 $GEO_TYPE
  POINT L2_MID
 $TIM_TYPE
  STEPS 1

#OUTPUT
 $PCS_TYPE
  LIQUID_FLOW
 $NOD_VALUES
  PRESSURE1
 $GEO_TYPE
  POINT L4_MID
 $TIM_TYPE
  STEPS 1

#OUTPUT
 $PCS_TYPE
  LIQUID_FLOW
 $NOD_VALUES
  PRESSURE1
 $GEO_TYPE
  POLYLINE L2
 $TIM_TYPE
  STEPS 1

#OUTPUT
 $PCS_TYPE
  LIQUID_FLOW
 $NOD_VALUES
  PRESSURE1
 $GEO_TYPE
  POLYLINE L4
 $TIM_TYPE
  STEPS 1

#STOP
